20-Nov-2025 09:53:09.102 INFO [main] org.apache.catalina.startup.VersionLoggerListener.log Server version name:   Apache Tomcat/9.0.89
20-Nov-2025 09:53:09.108 INFO [main] org.apache.catalina.startup.VersionLoggerListener.log Server built:          May 3 2024 20:22:11 UTC
20-Nov-2025 09:53:09.109 INFO [main] org.apache.catalina.startup.VersionLoggerListener.log Server version number: 9.0.89.0
20-Nov-2025 09:53:09.109 INFO [main] org.apache.catalina.startup.VersionLoggerListener.log OS Name:               Windows 10
20-Nov-2025 09:53:09.110 INFO [main] org.apache.catalina.startup.VersionLoggerListener.log OS Version:            10.0
20-Nov-2025 09:53:09.112 INFO [main] org.apache.catalina.startup.VersionLoggerListener.log Architecture:          amd64
20-Nov-2025 09:53:09.112 INFO [main] org.apache.catalina.startup.VersionLoggerListener.log Java Home:             C:\Program Files\Java\jdk-21
20-Nov-2025 09:53:09.115 INFO [main] org.apache.catalina.startup.VersionLoggerListener.log JVM Version:           21.0.8+12-LTS-250
20-Nov-2025 09:53:09.115 INFO [main] org.apache.catalina.startup.VersionLoggerListener.log JVM Vendor:            Oracle Corporation
20-Nov-2025 09:53:09.115 INFO [main] org.apache.catalina.startup.VersionLoggerListener.log CATALINA_BASE:         C:\Users\IET\Desktop\s\CDAC_PG-DAC\250845920083\Advance_Java\apache-tomcat-9.0.89
20-Nov-2025 09:53:09.116 INFO [main] org.apache.catalina.startup.VersionLoggerListener.log CATALINA_HOME:         C:\Users\IET\Desktop\s\CDAC_PG-DAC\250845920083\Advance_Java\apache-tomcat-9.0.89
20-Nov-2025 09:53:09.122 INFO [main] org.apache.catalina.startup.VersionLoggerListener.log Command line argument: --add-opens=java.base/java.lang=ALL-UNNAMED
20-Nov-2025 09:53:09.122 INFO [main] org.apache.catalina.startup.VersionLoggerListener.log Command line argument: --add-opens=java.base/java.io=ALL-UNNAMED
20-Nov-2025 09:53:09.123 INFO [main] org.apache.catalina.startup.VersionLoggerListener.log Command line argument: --add-opens=java.base/java.util=ALL-UNNAMED
20-Nov-2025 09:53:09.123 INFO [main] org.apache.catalina.startup.VersionLoggerListener.log Command line argument: --add-opens=java.base/java.util.concurrent=ALL-UNNAMED
20-Nov-2025 09:53:09.124 INFO [main] org.apache.catalina.startup.VersionLoggerListener.log Command line argument: --add-opens=java.rmi/sun.rmi.transport=ALL-UNNAMED
20-Nov-2025 09:53:09.124 INFO [main] org.apache.catalina.startup.VersionLoggerListener.log Command line argument: -Djava.util.logging.config.file=C:\Users\IET\Desktop\s\CDAC_PG-DAC\250845920083\Advance_Java\apache-tomcat-9.0.89\conf\logging.properties
20-Nov-2025 09:53:09.124 INFO [main] org.apache.catalina.startup.VersionLoggerListener.log Command line argument: -Djava.util.logging.manager=org.apache.juli.ClassLoaderLogManager
20-Nov-2025 09:53:09.125 INFO [main] org.apache.catalina.startup.VersionLoggerListener.log Command line argument: -Djdk.tls.ephemeralDHKeySize=2048
20-Nov-2025 09:53:09.130 INFO [main] org.apache.catalina.startup.VersionLoggerListener.log Command line argument: -Djava.protocol.handler.pkgs=org.apache.catalina.webresources
20-Nov-2025 09:53:09.131 INFO [main] org.apache.catalina.startup.VersionLoggerListener.log Command line argument: -Dignore.endorsed.dirs=
20-Nov-2025 09:53:09.131 INFO [main] org.apache.catalina.startup.VersionLoggerListener.log Command line argument: -Dcatalina.base=C:\Users\IET\Desktop\s\CDAC_PG-DAC\250845920083\Advance_Java\apache-tomcat-9.0.89
20-Nov-2025 09:53:09.132 INFO [main] org.apache.catalina.startup.VersionLoggerListener.log Command line argument: -Dcatalina.home=C:\Users\IET\Desktop\s\CDAC_PG-DAC\250845920083\Advance_Java\apache-tomcat-9.0.89
20-Nov-2025 09:53:09.132 INFO [main] org.apache.catalina.startup.VersionLoggerListener.log Command line argument: -Djava.io.tmpdir=C:\Users\IET\Desktop\s\CDAC_PG-DAC\250845920083\Advance_Java\apache-tomcat-9.0.89\temp
20-Nov-2025 09:53:09.137 INFO [main] org.apache.catalina.core.AprLifecycleListener.lifecycleEvent Loaded Apache Tomcat Native library [1.3.0] using APR version [1.7.4].
20-Nov-2025 09:53:09.137 INFO [main] org.apache.catalina.core.AprLifecycleListener.lifecycleEvent APR capabilities: IPv6 [true], sendfile [true], accept filters [false], random [true], UDS [true].
20-Nov-2025 09:53:09.138 INFO [main] org.apache.catalina.core.AprLifecycleListener.lifecycleEvent APR/OpenSSL configuration: useAprConnector [false], useOpenSSL [true]
20-Nov-2025 09:53:09.147 INFO [main] org.apache.catalina.core.AprLifecycleListener.initializeSSL OpenSSL successfully initialized [OpenSSL 3.0.13 30 Jan 2024]
20-Nov-2025 09:53:09.583 INFO [main] org.apache.coyote.AbstractProtocol.init Initializing ProtocolHandler ["http-nio-8080"]
20-Nov-2025 09:53:09.626 INFO [main] org.apache.catalina.startup.Catalina.load Server initialization in [744] milliseconds
20-Nov-2025 09:53:09.700 INFO [main] org.apache.catalina.core.StandardService.startInternal Starting service [Catalina]
20-Nov-2025 09:53:09.701 INFO [main] org.apache.catalina.core.StandardEngine.startInternal Starting Servlet engine: [Apache Tomcat/9.0.89]
20-Nov-2025 09:53:09.714 INFO [main] org.apache.catalina.startup.HostConfig.deployDirectory Deploying web application directory [C:\Users\IET\Desktop\s\CDAC_PG-DAC\250845920083\Advance_Java\apache-tomcat-9.0.89\webapps\docs]
20-Nov-2025 09:53:10.124 INFO [main] org.apache.catalina.startup.HostConfig.deployDirectory Deployment of web application directory [C:\Users\IET\Desktop\s\CDAC_PG-DAC\250845920083\Advance_Java\apache-tomcat-9.0.89\webapps\docs] has finished in [410] ms
20-Nov-2025 09:53:10.125 INFO [main] org.apache.catalina.startup.HostConfig.deployDirectory Deploying web application directory [C:\Users\IET\Desktop\s\CDAC_PG-DAC\250845920083\Advance_Java\apache-tomcat-9.0.89\webapps\examples]
20-Nov-2025 09:53:10.730 INFO [main] org.apache.catalina.startup.HostConfig.deployDirectory Deployment of web application directory [C:\Users\IET\Desktop\s\CDAC_PG-DAC\250845920083\Advance_Java\apache-tomcat-9.0.89\webapps\examples] has finished in [605] ms
20-Nov-2025 09:53:10.730 INFO [main] org.apache.catalina.startup.HostConfig.deployDirectory Deploying web application directory [C:\Users\IET\Desktop\s\CDAC_PG-DAC\250845920083\Advance_Java\apache-tomcat-9.0.89\webapps\host-manager]
20-Nov-2025 09:53:10.790 INFO [main] org.apache.catalina.startup.HostConfig.deployDirectory Deployment of web application directory [C:\Users\IET\Desktop\s\CDAC_PG-DAC\250845920083\Advance_Java\apache-tomcat-9.0.89\webapps\host-manager] has finished in [59] ms
20-Nov-2025 09:53:10.790 INFO [main] org.apache.catalina.startup.HostConfig.deployDirectory Deploying web application directory [C:\Users\IET\Desktop\s\CDAC_PG-DAC\250845920083\Advance_Java\apache-tomcat-9.0.89\webapps\manager]
20-Nov-2025 09:53:10.870 INFO [main] org.apache.catalina.startup.HostConfig.deployDirectory Deployment of web application directory [C:\Users\IET\Desktop\s\CDAC_PG-DAC\250845920083\Advance_Java\apache-tomcat-9.0.89\webapps\manager] has finished in [79] ms
20-Nov-2025 09:53:10.870 INFO [main] org.apache.catalina.startup.HostConfig.deployDirectory Deploying web application directory [C:\Users\IET\Desktop\s\CDAC_PG-DAC\250845920083\Advance_Java\apache-tomcat-9.0.89\webapps\myapp]
20-Nov-2025 09:53:10.921 INFO [main] org.apache.catalina.startup.HostConfig.deployDirectory Deployment of web application directory [C:\Users\IET\Desktop\s\CDAC_PG-DAC\250845920083\Advance_Java\apache-tomcat-9.0.89\webapps\myapp] has finished in [50] ms
20-Nov-2025 09:53:10.921 INFO [main] org.apache.catalina.startup.HostConfig.deployDirectory Deploying web application directory [C:\Users\IET\Desktop\s\CDAC_PG-DAC\250845920083\Advance_Java\apache-tomcat-9.0.89\webapps\MyWebApp]
20-Nov-2025 09:53:10.963 INFO [main] org.apache.catalina.startup.HostConfig.deployDirectory Deployment of web application directory [C:\Users\IET\Desktop\s\CDAC_PG-DAC\250845920083\Advance_Java\apache-tomcat-9.0.89\webapps\MyWebApp] has finished in [41] ms
20-Nov-2025 09:53:10.963 INFO [main] org.apache.catalina.startup.HostConfig.deployDirectory Deploying web application directory [C:\Users\IET\Desktop\s\CDAC_PG-DAC\250845920083\Advance_Java\apache-tomcat-9.0.89\webapps\ROOT]
20-Nov-2025 09:53:11.009 INFO [main] org.apache.catalina.startup.HostConfig.deployDirectory Deployment of web application directory [C:\Users\IET\Desktop\s\CDAC_PG-DAC\250845920083\Advance_Java\apache-tomcat-9.0.89\webapps\ROOT] has finished in [46] ms
20-Nov-2025 09:53:11.015 INFO [main] org.apache.coyote.AbstractProtocol.start Starting ProtocolHandler ["http-nio-8080"]
20-Nov-2025 09:53:11.049 INFO [main] org.apache.catalina.startup.Catalina.start Server startup in [1419] milliseconds
