19-Nov-2025 13:03:48.104 INFO [main] org.apache.catalina.startup.VersionLoggerListener.log Server version name:   Apache Tomcat/9.0.89
19-Nov-2025 13:03:48.108 INFO [main] org.apache.catalina.startup.VersionLoggerListener.log Server built:          May 3 2024 20:22:11 UTC
19-Nov-2025 13:03:48.109 INFO [main] org.apache.catalina.startup.VersionLoggerListener.log Server version number: 9.0.89.0
19-Nov-2025 13:03:48.109 INFO [main] org.apache.catalina.startup.VersionLoggerListener.log OS Name:               Windows 10
19-Nov-2025 13:03:48.109 INFO [main] org.apache.catalina.startup.VersionLoggerListener.log OS Version:            10.0
19-Nov-2025 13:03:48.109 INFO [main] org.apache.catalina.startup.VersionLoggerListener.log Architecture:          amd64
19-Nov-2025 13:03:48.109 INFO [main] org.apache.catalina.startup.VersionLoggerListener.log Java Home:             C:\Program Files\Java\jdk-21
19-Nov-2025 13:03:48.110 INFO [main] org.apache.catalina.startup.VersionLoggerListener.log JVM Version:           21.0.8+12-LTS-250
19-Nov-2025 13:03:48.110 INFO [main] org.apache.catalina.startup.VersionLoggerListener.log JVM Vendor:            Oracle Corporation
19-Nov-2025 13:03:48.110 INFO [main] org.apache.catalina.startup.VersionLoggerListener.log CATALINA_BASE:         C:\Users\IET\Desktop\apache-tomcat-9.0.89
19-Nov-2025 13:03:48.110 INFO [main] org.apache.catalina.startup.VersionLoggerListener.log CATALINA_HOME:         C:\Users\IET\Desktop\apache-tomcat-9.0.89
19-Nov-2025 13:03:48.123 INFO [main] org.apache.catalina.startup.VersionLoggerListener.log Command line argument: --add-opens=java.base/java.lang=ALL-UNNAMED
19-Nov-2025 13:03:48.123 INFO [main] org.apache.catalina.startup.VersionLoggerListener.log Command line argument: --add-opens=java.base/java.io=ALL-UNNAMED
19-Nov-2025 13:03:48.123 INFO [main] org.apache.catalina.startup.VersionLoggerListener.log Command line argument: --add-opens=java.base/java.util=ALL-UNNAMED
19-Nov-2025 13:03:48.123 INFO [main] org.apache.catalina.startup.VersionLoggerListener.log Command line argument: --add-opens=java.base/java.util.concurrent=ALL-UNNAMED
19-Nov-2025 13:03:48.124 INFO [main] org.apache.catalina.startup.VersionLoggerListener.log Command line argument: --add-opens=java.rmi/sun.rmi.transport=ALL-UNNAMED
19-Nov-2025 13:03:48.124 INFO [main] org.apache.catalina.startup.VersionLoggerListener.log Command line argument: -Djava.util.logging.config.file=C:\Users\IET\Desktop\apache-tomcat-9.0.89\conf\logging.properties
19-Nov-2025 13:03:48.125 INFO [main] org.apache.catalina.startup.VersionLoggerListener.log Command line argument: -Djava.util.logging.manager=org.apache.juli.ClassLoaderLogManager
19-Nov-2025 13:03:48.125 INFO [main] org.apache.catalina.startup.VersionLoggerListener.log Command line argument: -Djdk.tls.ephemeralDHKeySize=2048
19-Nov-2025 13:03:48.125 INFO [main] org.apache.catalina.startup.VersionLoggerListener.log Command line argument: -Djava.protocol.handler.pkgs=org.apache.catalina.webresources
19-Nov-2025 13:03:48.128 INFO [main] org.apache.catalina.startup.VersionLoggerListener.log Command line argument: -Dignore.endorsed.dirs=
19-Nov-2025 13:03:48.130 INFO [main] org.apache.catalina.startup.VersionLoggerListener.log Command line argument: -Dcatalina.base=C:\Users\IET\Desktop\apache-tomcat-9.0.89
19-Nov-2025 13:03:48.131 INFO [main] org.apache.catalina.startup.VersionLoggerListener.log Command line argument: -Dcatalina.home=C:\Users\IET\Desktop\apache-tomcat-9.0.89
19-Nov-2025 13:03:48.131 INFO [main] org.apache.catalina.startup.VersionLoggerListener.log Command line argument: -Djava.io.tmpdir=C:\Users\IET\Desktop\apache-tomcat-9.0.89\temp
19-Nov-2025 13:03:48.140 INFO [main] org.apache.catalina.core.AprLifecycleListener.lifecycleEvent Loaded Apache Tomcat Native library [1.3.0] using APR version [1.7.4].
19-Nov-2025 13:03:48.141 INFO [main] org.apache.catalina.core.AprLifecycleListener.lifecycleEvent APR capabilities: IPv6 [true], sendfile [true], accept filters [false], random [true], UDS [true].
19-Nov-2025 13:03:48.141 INFO [main] org.apache.catalina.core.AprLifecycleListener.lifecycleEvent APR/OpenSSL configuration: useAprConnector [false], useOpenSSL [true]
19-Nov-2025 13:03:48.169 INFO [main] org.apache.catalina.core.AprLifecycleListener.initializeSSL OpenSSL successfully initialized [OpenSSL 3.0.13 30 Jan 2024]
19-Nov-2025 13:03:48.595 INFO [main] org.apache.coyote.AbstractProtocol.init Initializing ProtocolHandler ["http-nio-8080"]
19-Nov-2025 13:03:48.650 INFO [main] org.apache.catalina.startup.Catalina.load Server initialization in [787] milliseconds
19-Nov-2025 13:03:48.736 INFO [main] org.apache.catalina.core.StandardService.startInternal Starting service [Catalina]
19-Nov-2025 13:03:48.740 INFO [main] org.apache.catalina.core.StandardEngine.startInternal Starting Servlet engine: [Apache Tomcat/9.0.89]
19-Nov-2025 13:03:48.758 INFO [main] org.apache.catalina.startup.HostConfig.deployDirectory Deploying web application directory [C:\Users\IET\Desktop\apache-tomcat-9.0.89\webapps\docs]
19-Nov-2025 13:03:49.331 INFO [main] org.apache.catalina.startup.HostConfig.deployDirectory Deployment of web application directory [C:\Users\IET\Desktop\apache-tomcat-9.0.89\webapps\docs] has finished in [572] ms
19-Nov-2025 13:03:49.331 INFO [main] org.apache.catalina.startup.HostConfig.deployDirectory Deploying web application directory [C:\Users\IET\Desktop\apache-tomcat-9.0.89\webapps\examples]
19-Nov-2025 13:03:50.108 INFO [main] org.apache.catalina.startup.HostConfig.deployDirectory Deployment of web application directory [C:\Users\IET\Desktop\apache-tomcat-9.0.89\webapps\examples] has finished in [776] ms
19-Nov-2025 13:03:50.110 INFO [main] org.apache.catalina.startup.HostConfig.deployDirectory Deploying web application directory [C:\Users\IET\Desktop\apache-tomcat-9.0.89\webapps\host-manager]
19-Nov-2025 13:03:50.166 INFO [main] org.apache.catalina.startup.HostConfig.deployDirectory Deployment of web application directory [C:\Users\IET\Desktop\apache-tomcat-9.0.89\webapps\host-manager] has finished in [56] ms
19-Nov-2025 13:03:50.167 INFO [main] org.apache.catalina.startup.HostConfig.deployDirectory Deploying web application directory [C:\Users\IET\Desktop\apache-tomcat-9.0.89\webapps\manager]
19-Nov-2025 13:03:50.218 INFO [main] org.apache.catalina.startup.HostConfig.deployDirectory Deployment of web application directory [C:\Users\IET\Desktop\apache-tomcat-9.0.89\webapps\manager] has finished in [51] ms
19-Nov-2025 13:03:50.220 INFO [main] org.apache.catalina.startup.HostConfig.deployDirectory Deploying web application directory [C:\Users\IET\Desktop\apache-tomcat-9.0.89\webapps\myapp]
19-Nov-2025 13:03:50.279 INFO [main] org.apache.catalina.startup.HostConfig.deployDirectory Deployment of web application directory [C:\Users\IET\Desktop\apache-tomcat-9.0.89\webapps\myapp] has finished in [59] ms
19-Nov-2025 13:03:50.283 INFO [main] org.apache.catalina.startup.HostConfig.deployDirectory Deploying web application directory [C:\Users\IET\Desktop\apache-tomcat-9.0.89\webapps\ROOT]
19-Nov-2025 13:03:50.325 INFO [main] org.apache.catalina.startup.HostConfig.deployDirectory Deployment of web application directory [C:\Users\IET\Desktop\apache-tomcat-9.0.89\webapps\ROOT] has finished in [42] ms
19-Nov-2025 13:03:50.333 INFO [main] org.apache.coyote.AbstractProtocol.start Starting ProtocolHandler ["http-nio-8080"]
19-Nov-2025 13:03:50.370 INFO [main] org.apache.catalina.startup.Catalina.start Server startup in [1714] milliseconds
19-Nov-2025 13:07:54.632 INFO [Thread-1] org.apache.coyote.AbstractProtocol.pause Pausing ProtocolHandler ["http-nio-8080"]
19-Nov-2025 13:07:54.639 INFO [Thread-1] org.apache.catalina.core.StandardService.stopInternal Stopping service [Catalina]
19-Nov-2025 13:07:54.698 INFO [Thread-1] org.apache.coyote.AbstractProtocol.stop Stopping ProtocolHandler ["http-nio-8080"]
19-Nov-2025 13:07:54.715 INFO [Thread-1] org.apache.coyote.AbstractProtocol.destroy Destroying ProtocolHandler ["http-nio-8080"]
